ex6/client/app/build/intermediates/manifest_merge_blame_file/debug/manifest-merger-blame-debug-report.txt
1<?xml version="1.0" encoding="utf-8"?>
2<manifest xmlns:android="http://schemas.android.com/apk/res/android"
3    package="com.stockquotes"
4    android:versionCode="1"
5    android:versionName="1.0" >
6
7    <uses-sdk
8        android:minSdkVersion="26"
8-->src\main\AndroidManifest.xml
9        android:targetSdkVersion="30" />
9-->src\main\AndroidManifest.xml
10
11    <uses-permission android:name="android.permission.ACCESS_NETWORK_STATE" />
11-->[com.google.firebase:firebase-inappmessaging-display:19.1.3] AndroidManifest.xml:11:5-79
11-->[com.google.firebase:firebase-inappmessaging-display:19.1.3] AndroidManifest.xml:11:22-76
12    <uses-permission android:name="android.permission.INTERNET" />
12-->[com.google.firebase:firebase-inappmessaging-display:19.1.3] AndroidManifest.xml:12:5-67
12-->[com.google.firebase:firebase-inappmessaging-display:19.1.3] AndroidManifest.xml:12:22-64
13    <uses-permission android:name="android.permission.WAKE_LOCK" /> <!-- Required by older versions of Google Play services to create IID tokens -->
13-->[com.google.firebase:firebase-iid:21.0.1] AndroidManifest.xml:24:5-68
13-->[com.google.firebase:firebase-iid:21.0.1] AndroidManifest.xml:24:22-65
14    <uses-permission android:name="com.google.android.c2dm.permission.RECEIVE" />
14-->[com.google.firebase:firebase-iid:21.0.1] AndroidManifest.xml:26:5-82
14-->[com.google.firebase:firebase-iid:21.0.1] AndroidManifest.xml:26:22-79
15    <uses-permission android:name="com.google.android.finsky.permission.BIND_GET_INSTALL_REFERRER_SERVICE" />
15-->[com.google.android.gms:play-services-measurement:18.0.0] AndroidManifest.xml:26:5-110
15-->[com.google.android.gms:play-services-measurement:18.0.0] AndroidManifest.xml:26:22-107
16
17    <application
17-->src\main\AndroidManifest.xml:5:5-29:19
18        android:allowBackup="true"
18-->src\main\AndroidManifest.xml:6:9-35
19        android:appComponentFactory="androidx.core.app.CoreComponentFactory"
19-->[androidx.core:core:1.3.1] AndroidManifest.xml:24:18-86
20        android:debuggable="true"
21        android:extractNativeLibs="false"
22        android:icon="@mipmap/ic_launcher"
22-->src\main\AndroidManifest.xml:7:9-43
23        android:label="@string/app_name"
23-->src\main\AndroidManifest.xml:8:9-41
24        android:networkSecurityConfig="@xml/security_config"
24-->src\main\AndroidManifest.xml:9:9-61
25        android:roundIcon="@mipmap/ic_launcher_round"
25-->src\main\AndroidManifest.xml:10:9-54
26        android:supportsRtl="true"
26-->src\main\AndroidManifest.xml:11:9-35
27        android:testOnly="true"
28        android:theme="@style/Theme.StockQuotes" >
28-->src\main\AndroidManifest.xml:12:9-49
29        <service
29-->src\main\AndroidManifest.xml:13:9-16:47
30            android:name="com.stockquotes.MyFirebaseMessagingService"
30-->src\main\AndroidManifest.xml:14:13-55
31            android:enabled="true"
31-->src\main\AndroidManifest.xml:15:13-35
32            android:exported="true" />
32-->src\main\AndroidManifest.xml:16:13-36
33        <service
33-->src\main\AndroidManifest.xml:17:9-20:39
34            android:name="com.stockquotes.MyService"
34-->src\main\AndroidManifest.xml:18:13-38
35            android:enabled="true"
35-->src\main\AndroidManifest.xml:19:13-35
36            android:exported="true" />
36-->src\main\AndroidManifest.xml:20:13-36
37
38        <activity android:name="com.stockquotes.MainActivity" >
38-->src\main\AndroidManifest.xml:22:9-28:20
38-->src\main\AndroidManifest.xml:22:19-47
39            <intent-filter>
39-->src\main\AndroidManifest.xml:23:13-27:29
40                <action android:name="android.intent.action.MAIN" />
40-->src\main\AndroidManifest.xml:24:17-69
40-->src\main\AndroidManifest.xml:24:25-66
41
42                <category android:name="android.intent.category.LAUNCHER" />
42-->src\main\AndroidManifest.xml:26:17-77
42-->src\main\AndroidManifest.xml:26:27-74
43            </intent-filter>
44        </activity>
45
46        <service
46-->[com.google.firebase:firebase-inappmessaging-display:19.1.3] AndroidManifest.xml:15:9-21:19
47            android:name="com.google.firebase.components.ComponentDiscoveryService"
47-->[com.google.firebase:firebase-inappmessaging-display:19.1.3] AndroidManifest.xml:16:13-84
48            android:directBootAware="true"
48-->[com.google.firebase:firebase-common:19.5.0] AndroidManifest.xml:35:13-43
49            android:exported="false" >
49-->[com.google.firebase:firebase-inappmessaging-display:19.1.3] AndroidManifest.xml:17:13-37
50            <meta-data
50-->[com.google.firebase:firebase-inappmessaging-display:19.1.3] AndroidManifest.xml:18:13-20:85
51                android:name="com.google.firebase.components:com.google.firebase.inappmessaging.display.FirebaseInAppMessagingDisplayRegistrar"
51-->[com.google.firebase:firebase-inappmessaging-display:19.1.3] AndroidManifest.xml:19:17-144
52                android:value="com.google.firebase.components.ComponentRegistrar" />
52-->[com.google.firebase:firebase-inappmessaging-display:19.1.3] AndroidManifest.xml:20:17-82
53            <meta-data
53-->[com.google.firebase:firebase-messaging:21.0.1] AndroidManifest.xml:39:13-41:85
54                android:name="com.google.firebase.components:com.google.firebase.messaging.FirebaseMessagingRegistrar"
54-->[com.google.firebase:firebase-messaging:21.0.1] AndroidManifest.xml:40:17-119
55                android:value="com.google.firebase.components.ComponentRegistrar" />
55-->[com.google.firebase:firebase-messaging:21.0.1] AndroidManifest.xml:41:17-82
56            <meta-data
56-->[com.google.firebase:firebase-inappmessaging:19.1.3] AndroidManifest.xml:17:13-19:85
57                android:name="com.google.firebase.components:com.google.firebase.inappmessaging.FirebaseInAppMessagingRegistrar"
57-->[com.google.firebase:firebase-inappmessaging:19.1.3] AndroidManifest.xml:18:17-129
58                android:value="com.google.firebase.components.ComponentRegistrar" />
58-->[com.google.firebase:firebase-inappmessaging:19.1.3] AndroidManifest.xml:19:17-82
59            <meta-data
59-->[com.google.firebase:firebase-datatransport:17.0.10] AndroidManifest.xml:28:13-30:85
60                android:name="com.google.firebase.components:com.google.firebase.datatransport.TransportRegistrar"
60-->[com.google.firebase:firebase-datatransport:17.0.10] AndroidManifest.xml:29:17-115
61                android:value="com.google.firebase.components.ComponentRegistrar" />
61-->[com.google.firebase:firebase-datatransport:17.0.10] AndroidManifest.xml:30:17-82
62            <meta-data
62-->[com.google.firebase:firebase-iid:21.0.1] AndroidManifest.xml:32:13-34:85
63                android:name="com.google.firebase.components:com.google.firebase.iid.Registrar"
63-->[com.google.firebase:firebase-iid:21.0.1] AndroidManifest.xml:33:17-96
64                android:value="com.google.firebase.components.ComponentRegistrar" />
64-->[com.google.firebase:firebase-iid:21.0.1] AndroidManifest.xml:34:17-82
65            <meta-data
65-->[com.google.android.gms:play-services-measurement-api:18.0.0] AndroidManifest.xml:30:13-32:85
66                android:name="com.google.firebase.components:com.google.firebase.analytics.connector.internal.AnalyticsConnectorRegistrar"
66-->[com.google.android.gms:play-services-measurement-api:18.0.0] AndroidManifest.xml:31:17-139
67                android:value="com.google.firebase.components.ComponentRegistrar" />
67-->[com.google.android.gms:play-services-measurement-api:18.0.0] AndroidManifest.xml:32:17-82
68            <meta-data
68-->[com.google.firebase:firebase-installations:16.3.5] AndroidManifest.xml:18:13-20:85
69                android:name="com.google.firebase.components:com.google.firebase.installations.FirebaseInstallationsRegistrar"
69-->[com.google.firebase:firebase-installations:16.3.5] AndroidManifest.xml:19:17-127
70                android:value="com.google.firebase.components.ComponentRegistrar" />
70-->[com.google.firebase:firebase-installations:16.3.5] AndroidManifest.xml:20:17-82
71            <meta-data
71-->[com.google.firebase:firebase-abt:20.0.0] AndroidManifest.xml:13:13-15:85
72                android:name="com.google.firebase.components:com.google.firebase.abt.component.AbtRegistrar"
72-->[com.google.firebase:firebase-abt:20.0.0] AndroidManifest.xml:14:17-109
73                android:value="com.google.firebase.components.ComponentRegistrar" />
73-->[com.google.firebase:firebase-abt:20.0.0] AndroidManifest.xml:15:17-82
74            <!--
75                This registrar is not defined in the dynamic-module-support sdk itself to allow non-firebase
76                clients to use it as well, by defining this registrar in their own core/common library.
77            -->
78            <meta-data
78-->[com.google.firebase:firebase-common:19.5.0] AndroidManifest.xml:43:13-45:85
79                android:name="com.google.firebase.components:com.google.firebase.dynamicloading.DynamicLoadingRegistrar"
79-->[com.google.firebase:firebase-common:19.5.0] AndroidManifest.xml:44:17-121
80                android:value="com.google.firebase.components.ComponentRegistrar" />
80-->[com.google.firebase:firebase-common:19.5.0] AndroidManifest.xml:45:17-82
81        </service>
82        <!--
83             FirebaseMessagingService performs security checks at runtime,
84             but set to not exported to explicitly avoid allowing another app to call it.
85        -->
86        <service
86-->[com.google.firebase:firebase-messaging:21.0.1] AndroidManifest.xml:28:9-35:19
87            android:name="com.google.firebase.messaging.FirebaseMessagingService"
87-->[com.google.firebase:firebase-messaging:21.0.1] AndroidManifest.xml:29:13-82
88            android:directBootAware="true"
88-->[com.google.firebase:firebase-messaging:21.0.1] AndroidManifest.xml:30:13-43
89            android:exported="false" >
89-->[com.google.firebase:firebase-messaging:21.0.1] AndroidManifest.xml:31:13-37
90            <intent-filter android:priority="-500" >
90-->[com.google.firebase:firebase-messaging:21.0.1] AndroidManifest.xml:32:13-34:29
90-->[com.google.firebase:firebase-messaging:21.0.1] AndroidManifest.xml:32:28-51
91                <action android:name="com.google.firebase.MESSAGING_EVENT" />
91-->[com.google.firebase:firebase-messaging:21.0.1] AndroidManifest.xml:33:17-78
91-->[com.google.firebase:firebase-messaging:21.0.1] AndroidManifest.xml:33:25-75
92            </intent-filter>
93        </service>
94        <service
94-->[com.google.android.datatransport:transport-backend-cct:2.3.3] AndroidManifest.xml:29:9-35:19
95            android:name="com.google.android.datatransport.runtime.backends.TransportBackendDiscovery"
95-->[com.google.android.datatransport:transport-backend-cct:2.3.3] AndroidManifest.xml:30:13-103
96            android:exported="false" >
96-->[com.google.android.datatransport:transport-backend-cct:2.3.3] AndroidManifest.xml:31:13-37
97            <meta-data
97-->[com.google.android.datatransport:transport-backend-cct:2.3.3] AndroidManifest.xml:32:13-34:39
98                android:name="backend:com.google.android.datatransport.cct.CctBackendFactory"
98-->[com.google.android.datatransport:transport-backend-cct:2.3.3] AndroidManifest.xml:33:17-94
99                android:value="cct" />
99-->[com.google.android.datatransport:transport-backend-cct:2.3.3] AndroidManifest.xml:34:17-36
100        </service>
101
102        <receiver
102-->[com.google.firebase:firebase-iid:21.0.1] AndroidManifest.xml:37:9-44:20
103            android:name="com.google.firebase.iid.FirebaseInstanceIdReceiver"
103-->[com.google.firebase:firebase-iid:21.0.1] AndroidManifest.xml:38:13-78
104            android:exported="true"
104-->[com.google.firebase:firebase-iid:21.0.1] AndroidManifest.xml:39:13-36
105            android:permission="com.google.android.c2dm.permission.SEND" >
105-->[com.google.firebase:firebase-iid:21.0.1] AndroidManifest.xml:40:13-73
106            <intent-filter>
106-->[com.google.firebase:firebase-iid:21.0.1] AndroidManifest.xml:41:13-43:29
107                <action android:name="com.google.android.c2dm.intent.RECEIVE" />
107-->[com.google.firebase:firebase-iid:21.0.1] AndroidManifest.xml:42:17-81
107-->[com.google.firebase:firebase-iid:21.0.1] AndroidManifest.xml:42:25-78
108            </intent-filter>
109        </receiver>
110
111        <provider
111-->[com.google.firebase:firebase-common:19.5.0] AndroidManifest.xml:26:9-31:39
112            android:name="com.google.firebase.provider.FirebaseInitProvider"
112-->[com.google.firebase:firebase-common:19.5.0] AndroidManifest.xml:27:13-77
113            android:authorities="com.stockquotes.firebaseinitprovider"
113-->[com.google.firebase:firebase-common:19.5.0] AndroidManifest.xml:28:13-72
114            android:directBootAware="true"
114-->[com.google.firebase:firebase-common:19.5.0] AndroidManifest.xml:29:13-43
115            android:exported="false"
115-->[com.google.firebase:firebase-common:19.5.0] AndroidManifest.xml:30:13-37
116            android:initOrder="100" />
116-->[com.google.firebase:firebase-common:19.5.0] AndroidManifest.xml:31:13-36
117
118        <receiver
118-->[com.google.android.gms:play-services-measurement:18.0.0] AndroidManifest.xml:29:9-33:20
119            android:name="com.google.android.gms.measurement.AppMeasurementReceiver"
119-->[com.google.android.gms:play-services-measurement:18.0.0] AndroidManifest.xml:30:13-85
120            android:enabled="true"
120-->[com.google.android.gms:play-services-measurement:18.0.0] AndroidManifest.xml:31:13-35
121            android:exported="false" >
121-->[com.google.android.gms:play-services-measurement:18.0.0] AndroidManifest.xml:32:13-37
122        </receiver>
123
124        <service
124-->[com.google.android.gms:play-services-measurement:18.0.0] AndroidManifest.xml:35:9-38:40
125            android:name="com.google.android.gms.measurement.AppMeasurementService"
125-->[com.google.android.gms:play-services-measurement:18.0.0] AndroidManifest.xml:36:13-84
126            android:enabled="true"
126-->[com.google.android.gms:play-services-measurement:18.0.0] AndroidManifest.xml:37:13-35
127            android:exported="false" />
127-->[com.google.android.gms:play-services-measurement:18.0.0] AndroidManifest.xml:38:13-37
128        <service
128-->[com.google.android.gms:play-services-measurement:18.0.0] AndroidManifest.xml:39:9-43:72
129            android:name="com.google.android.gms.measurement.AppMeasurementJobService"
129-->[com.google.android.gms:play-services-measurement:18.0.0] AndroidManifest.xml:40:13-87
130            android:enabled="true"
130-->[com.google.android.gms:play-services-measurement:18.0.0] AndroidManifest.xml:41:13-35
131            android:exported="false"
131-->[com.google.android.gms:play-services-measurement:18.0.0] AndroidManifest.xml:42:13-37
132            android:permission="android.permission.BIND_JOB_SERVICE" />
132-->[com.google.android.gms:play-services-measurement:18.0.0] AndroidManifest.xml:43:13-69
133
134        <activity
134-->[com.google.android.gms:play-services-base:17.0.0] AndroidManifest.xml:23:9-26:75
135            android:name="com.google.android.gms.common.api.GoogleApiActivity"
135-->[com.google.android.gms:play-services-base:17.0.0] AndroidManifest.xml:24:13-79
136            android:exported="false"
136-->[com.google.android.gms:play-services-base:17.0.0] AndroidManifest.xml:25:13-37
137            android:theme="@android:style/Theme.Translucent.NoTitleBar" />
137-->[com.google.android.gms:play-services-base:17.0.0] AndroidManifest.xml:26:13-72
138
139        <meta-data
139-->[com.google.android.gms:play-services-basement:17.3.0] AndroidManifest.xml:23:9-25:69
140            android:name="com.google.android.gms.version"
140-->[com.google.android.gms:play-services-basement:17.3.0] AndroidManifest.xml:24:13-58
141            android:value="@integer/google_play_services_version" />
141-->[com.google.android.gms:play-services-basement:17.3.0] AndroidManifest.xml:25:13-66
142
143        <provider
143-->[com.squareup.picasso:picasso:2.71828] AndroidManifest.xml:8:9-11:40
144            android:name="com.squareup.picasso.PicassoProvider"
144-->[com.squareup.picasso:picasso:2.71828] AndroidManifest.xml:9:13-64
145            android:authorities="com.stockquotes.com.squareup.picasso"
145-->[com.squareup.picasso:picasso:2.71828] AndroidManifest.xml:10:13-72
146            android:exported="false" />
146-->[com.squareup.picasso:picasso:2.71828] AndroidManifest.xml:11:13-37
147
148        <service
148-->[com.google.android.datatransport:transport-runtime:2.2.5] AndroidManifest.xml:26:9-30:19
149            android:name="com.google.android.datatransport.runtime.scheduling.jobscheduling.JobInfoSchedulerService"
149-->[com.google.android.datatransport:transport-runtime:2.2.5] AndroidManifest.xml:27:13-117
150            android:exported="false"
150-->[com.google.android.datatransport:transport-runtime:2.2.5] AndroidManifest.xml:28:13-37
151            android:permission="android.permission.BIND_JOB_SERVICE" >
151-->[com.google.android.datatransport:transport-runtime:2.2.5] AndroidManifest.xml:29:13-69
152        </service>
153
154        <receiver
154-->[com.google.android.datatransport:transport-runtime:2.2.5] AndroidManifest.xml:32:9-34:40
155            android:name="com.google.android.datatransport.runtime.scheduling.jobscheduling.AlarmManagerSchedulerBroadcastReceiver"
155-->[com.google.android.datatransport:transport-runtime:2.2.5] AndroidManifest.xml:33:13-132
156            android:exported="false" />
156-->[com.google.android.datatransport:transport-runtime:2.2.5] AndroidManifest.xml:34:13-37
157    </application>
158
159</manifest>